<?xml version="1.0" encoding="UTF-8"?>
<testng-results skipped="0" failed="0" total="1" passed="1">
  <reporter-output>
  </reporter-output>
  <suite name="Suite" duration-ms="46049" started-at="2019-01-02T15:37:06Z" finished-at="2019-01-02T15:37:52Z">
    <groups>
    </groups>
    <test name="Test" duration-ms="46049" started-at="2019-01-02T15:37:06Z" finished-at="2019-01-02T15:37:52Z">
      <class name="com.trivago.test.LocationSelectionTest">
        <test-method status="PASS" signature="initiation()[pri:0, instance:com.trivago.test.LocationSelectionTest@7921b0a2]" name="initiation" is-config="true" duration-ms="46041" started-at="2019-01-02T21:37:06Z" finished-at="2019-01-02T21:37:52Z">
          <reporter-output>
          </reporter-output>
        </test-method> <!-- initiation -->
        <test-method status="PASS" signature="verifyLocationSelection()[pri:0, instance:com.trivago.test.LocationSelectionTest@7921b0a2]" name="verifyLocationSelection" duration-ms="1" started-at="2019-01-02T21:37:52Z" finished-at="2019-01-02T21:37:52Z">
          <reporter-output>
          </reporter-output>
        </test-method> <!-- verifyLocationSelection -->
        <test-method status="PASS" signature="endTest()[pri:0, instance:com.trivago.test.LocationSelectionTest@7921b0a2]" name="endTest" is-config="true" duration-ms="1" started-at="2019-01-02T21:37:52Z" finished-at="2019-01-02T21:37:52Z">
          <reporter-output>
          </reporter-output>
        </test-method> <!-- endTest -->
      </class> <!-- com.trivago.test.LocationSelectionTest -->
    </test> <!-- Test -->
  </suite> <!-- Suite -->
</testng-results>
