<?xml version="1.0" encoding="UTF-8"?>
<!-- Generated by org.testng.reporters.JUnitXMLReporter -->
<testsuite hostname="DESKTOP-U9OF67V" name="Test" tests="6" failures="0" timestamp="26 Aug 2018 15:04:21 GMT" time="193.148" errors="0">
  <testcase name="searchLocation" time="2.049" classname="com.trivago.test.SearchByLocationTest"/>
  <testcase name="verifyContactUs" time="2.121" classname="com.trivago.test.ContactUsTest"/>
  <testcase name="verifySubscribeNewsletter" time="0.481" classname="com.trivago.test.SubscribeNewsletterTest"/>
  <testcase name="VerifyNavigateDestination" time="0.308" classname="com.trivago.test.NavigateToDestinationTest"/>
  <testcase name="verifyLocationSelection" time="22.908" classname="com.trivago.test.LocationSelectionTest"/>
  <testcase name="verifySearchByMostSearchedTag" time="0.04" classname="com.trivago.test.MostSearchedTagTest"/>
</testsuite> <!-- Test -->
