<?xml version="1.0" encoding="UTF-8"?>
<testsuite xmlns:xsi="http://www.w3.org/2001/XMLSchema-instance" xsi:noNamespaceSchemaLocation="https://maven.apache.org/surefire/maven-surefire-plugin/xsd/surefire-test-report.xsd" name="TestSuite" time="193.898" tests="6" errors="0" skipped="0" failures="0">
  <properties>
[...]
</properties>
  <testcase name="searchLocation" classname="com.trivago.test.SearchByLocationTest" time="2.051"/>
  <testcase name="verifyContactUs" classname="com.trivago.test.ContactUsTest" time="2.122"/>
  <testcase name="verifySubscribeNewsletter" classname="com.trivago.test.SubscribeNewsletterTest" time="0.481"/>
  <testcase name="VerifyNavigateDestination" classname="com.trivago.test.NavigateToDestinationTest" time="0.308"/>
  <testcase name="verifyLocationSelection" classname="com.trivago.test.LocationSelectionTest" time="22.907"/>
  <testcase name="verifySearchByMostSearchedTag" classname="com.trivago.test.MostSearchedTagTest" time="0.041"/>
</testsuite>